<?xml version="1.0" encoding="UTF-8"?>
<!-- Generated by org.testng.reporters.JUnitReportReporter -->
<testsuite hostname="Noha" failures="0" tests="3" name="testPackage.TestCases" time="12.137" errors="0" timestamp="2022-03-05T18:50:53 EET" skipped="0">
  <testcase classname="testPackage.TestCases" name="assertTheVideoTitlefor10thResultforSeleniumTutorial" time="5.158"/>
  <system-out/>
  <testcase classname="testPackage.TestCases" name="assertTheVideoTitleforSeleniumTutorial" time="3.887"/>
  <system-out/>
  <testcase classname="testPackage.TestCases" name="assertTheVideoTitleforTestAutomationTutorial" time="3.092"/>
  <system-out/>
</testsuite> <!-- testPackage.TestCases -->
